<?xml version="1.0" encoding="UTF-8"?>
<!-- Generated by org.testng.reporters.JUnitReportReporter -->
<testsuite hostname="DESKTOP-TTB3E54" failures="0" tests="1" name="TestCases.AlertClass" time="26.822" errors="0" timestamp="2021-12-02T13:06:23 EST" skipped="0">
  <testcase classname="TestCases.AlertClass" name="alertclass" time="26.822"/>
</testsuite> <!-- TestCases.AlertClass -->
